[handleMsg]:  {
  key: {
    remoteJid: '51907979796@s.whatsapp.net',
    fromMe: false,
    id: '3EB0DD42B3C59EF8CD1BA6',
    participant: undefined
  },
  messageTimestamp: 1727299976,
  pushName: 'Rody',
  broadcast: false,
  message: Message {
    conversation: 'perros',
    messageContextInfo: MessageContextInfo {
      deviceListMetadata: [DeviceListMetadata],
      deviceListMetadataVersion: 2
    }
  },
  body: 'perros',
  from: '51907979796'
}
[QUEUE_SE_ENVIO]:  {
  ref: 'ans_b3e9f0d6-0ab1-4c3f-a33c-423f7d1d1119',
  keyword: 'key_13c67401-8645-469d-8582-df174bfeda34',
  answer: 'Este es el flujo welcome!',
  options: {
    media: null,
    buttons: [],
    capture: false,
    child: null,
    delay: 1000,
    idle: null,
    ref: null,
    nested: [],
    keyword: {},
    callback: true
  },
  refSerialize: '6c9a096862f65db6221e04ab31a2dc84'
}
[handleMsg]:  {
  key: {
    remoteJid: '51907979796@s.whatsapp.net',
    fromMe: false,
    id: '3EB0E2394748E202DE85F2',
    participant: undefined
  },
  messageTimestamp: 1727299981,
  pushName: 'Rody',
  broadcast: false,
  message: Message {
    conversation: 'casas',
    messageContextInfo: MessageContextInfo {
      deviceListMetadata: [DeviceListMetadata],
      deviceListMetadataVersion: 2
    }
  },
  body: 'casas',
  from: '51907979796'
}
[QUEUE_SE_ENVIO]:  {
  ref: 'ans_b3e9f0d6-0ab1-4c3f-a33c-423f7d1d1119',
  keyword: 'key_13c67401-8645-469d-8582-df174bfeda34',
  answer: 'Este es el flujo welcome!',
  options: {
    media: null,
    buttons: [],
    capture: false,
    child: null,
    delay: 1000,
    idle: null,
    ref: null,
    nested: [],
    keyword: {},
    callback: true
  },
  refSerialize: '6c9a096862f65db6221e04ab31a2dc84'
}
